<?xml version="1.0" encoding="UTF-8"?>
<testng-results skipped="0" failed="0" total="2" passed="2">
  <reporter-output>
  </reporter-output>
  <suite name="Default suite" duration-ms="17305" started-at="2018-05-29T11:07:29Z" finished-at="2018-05-29T11:07:47Z">
    <groups>
    </groups>
    <test name="Default test" duration-ms="17305" started-at="2018-05-29T11:07:29Z" finished-at="2018-05-29T11:07:47Z">
      <class name="automationFramework.LoginToSampleSite">
        <test-method status="PASS" signature="setUp()[pri:0, instance:automationFramework.LoginToSampleSite@3bfdc050]" name="setUp" is-config="true" duration-ms="4100" started-at="2018-05-29T17:07:25Z" finished-at="2018-05-29T17:07:29Z">
          <reporter-output>
          </reporter-output>
        </test-method> <!-- setUp -->
        <test-method status="PASS" signature="login()[pri:0, instance:automationFramework.LoginToSampleSite@3bfdc050]" name="login" duration-ms="11017" started-at="2018-05-29T17:07:29Z" finished-at="2018-05-29T17:07:40Z">
          <reporter-output>
          </reporter-output>
        </test-method> <!-- login -->
        <test-method status="PASS" signature="logout()[pri:0, instance:automationFramework.LoginToSampleSite@3bfdc050]" name="logout" duration-ms="6270" started-at="2018-05-29T17:07:40Z" finished-at="2018-05-29T17:07:47Z">
          <reporter-output>
          </reporter-output>
        </test-method> <!-- logout -->
        <test-method status="PASS" signature="tearDown()[pri:0, instance:automationFramework.LoginToSampleSite@3bfdc050]" name="tearDown" is-config="true" duration-ms="646" started-at="2018-05-29T17:07:47Z" finished-at="2018-05-29T17:07:47Z">
          <reporter-output>
          </reporter-output>
        </test-method> <!-- tearDown -->
      </class> <!-- automationFramework.LoginToSampleSite -->
    </test> <!-- Default test -->
  </suite> <!-- Default suite -->
</testng-results>
